<?xml version="1.0" encoding="UTF-8"?><testsuite failures="0" name="cucumber.runtime.formatter.JUnitFormatter" skipped="0" tests="1" time="257.53263">
<testcase classname="Caso de Teste de Agenda" name="E - Novo Agendamento" time="257.53263">
<system-out><![CDATA[Given abrir menu esquerdo e selecionar item compromissos "compromissos".....passed
When em compromissos selecionar a aba "Agendamentos"........................passed
And na aba agendamentos preencher os campos nome (medico)  "Leonardo Medico Teste" e selecionar combo (medico) "Leonardo Medico Teste".passed
And na aba agendamentos prencher os campos periodo inicial "29/04/2018" e periodo final "05/05/2018".passed
And clicar no botao pesquisar "pesquisar"...................................passed
And clicar no botao agendar "agendar" no item do dia "Segunda-Feira" no horario "08:00:00".passed
And clicar no botao pesquisar "confirmar"...................................passed
Then validar mensagem de sucesso............................................passed
]]></system-out>
</testcase>
</testsuite>
