<?xml version="1.0" encoding="UTF-8"?><testsuite failures="0" name="cucumber.runtime.formatter.JUnitFormatter" skipped="0" tests="4" time="0.46815">
<testcase classname="Caso de Teste de Gerar Horarios de Agendamento" name="Gerar Horarios de Agendamento" time="0.464815">
<system-out><![CDATA[Given abrir menu esquerdo e selecionar item compromissos "Compromissos".....passed
Then aguardar mensagem de carregamento fechar...............................passed
When fechar Selecionar a aba "Agendamentos".................................passed
And prencher os campos nome (medico)  "Jo�o M�dico Teste" e selecionar combo (medico) "Jo�o M�dico Teste".passed
And prencher os campos periodo inicial "29/04/2018" e periodo final "05/05/2018".passed
And clicar no botao pesquisar "pesquisar"...................................passed
And clicar no botao agendar "agendar" no item do dia "Segunda-Feira" no horario "08:00:00".passed
And clicar no botao pesquisar "confirmar"...................................passed
Then validar mensagem de sucesso............................................passed
]]></system-out>
</testcase>
<testcase classname="Caso de Teste de Escala de Atendimento" name="Cadastrar Escala de Atendimento" time="0.001573">
<system-out><![CDATA[Given eu quero abrir menu esquerdo e selecionar item escala "escala"........passed
Then aguardar mensagem de carregamento fechar...............................passed
When fechar clicar botao "Nova Escala de Atendimento".......................passed
Then selecionar os dias da semana (segunda) "Segunda-Feira" e dia da semana (quarta) "Quarta-Feira".passed
And clicar no botao proximo "proximo".......................................passed
And prencher os campos periodo (segunda)  "Manh�" e intervalo (segunda) "45".passed
And prencher os campos quantidade de vagas (segunda) "2" e ordem de atendimento (segunda) "Agendamento".passed
And prencher os campos hora de entrada (segunda) "08:00:00" e hora de saida (segunda) "13:00:00".passed
And clicar no botao proximo "proximo".......................................passed
And prencher os campos periodo (quarta) "Tarde" e intervalo (quarta) "60"...passed
And prencher os campos quantidade de vagas (quarta) "2" e ordem de atendimento (quarta) "Agendamento".passed
And prencher os campos hora de entrada (quarta) "13:30:00" e hora de saida (quarta) "18:30:00".passed
Then validar mensagem de sucesso............................................passed
]]></system-out>
</testcase>
<testcase classname="Caso de Teste de Gerar Horarios de Agendamento" name="Gerar Horarios de Agendamento" time="0.000597">
<system-out><![CDATA[Given eu quero abrir menu esquerdo e selecionar item agendas "Agendas"......passed
Then aguardar mensagem de carregamento fechar...............................passed
When fechar clicar botao "Gerar Hor�rios para Agendamentos".................passed
And prencher os campos nome (medico) "Jo�o M�dico Teste" e selecionar combo (medico) "Jo�o M�dico Teste".passed
And prencher os campos periodo inicial "29/04/2018" e periodo final "05/05/2018".passed
And clicar no botao salvar "salvar".........................................passed
Then validar mensagem de sucesso............................................passed
]]></system-out>
</testcase>
<testcase classname="Caso de Teste de Medico" name="Novo M�dico" time="0.001165">
<system-out><![CDATA[Given eu quero abrir menu esquerdo e selecionar item medicos "Medicos"......passed
Then aguardar mensagem de carregamento fechar...............................passed
When fechar clicar botao "Novo Medico"......................................passed
Then preencher os campos tipo registro "CRM" e estado registro "Minas Gerais" e registro profissional"15498768".passed
And prencher os campos nome "Jo�o M�dico Teste" e rg "36.596.765-8" e cpf "330.274.097-27".passed
And prencher os campos data de nascimento "15/10/1986" e cargo "M�dico" e setor "Cirurgia" e especialidade "Pediatra".passed
And prencher os campos data admissao "28/04/2018" e sexo "Masculino" e cep "38405211" e numero "1057".passed
And clicar no botao proximo "proximo".......................................passed
And prencher os campos email "joao.medico@gmail.com" e senha "joamed123456" e clicar em salvar "salvar".passed
Then validar mensagem de sucesso............................................passed
]]></system-out>
</testcase>
</testsuite>
