<?xml version="1.0" encoding="UTF-8"?><testsuite failures="0" name="cucumber.runtime.formatter.JUnitFormatter" skipped="0" tests="1" time="29.894566">
<testcase classname="Test Cargo" name="Novo Cargo" time="29.894566">
<system-out><![CDATA[Given abrir menu esquerdo e selecionar item cargo...........................passed
When esperar toast fechar...................................................passed
Then clicar botao novo cargo................................................passed
Then preencher_campos e enviar..............................................passed
]]></system-out>
</testcase>
</testsuite>
